8.9s 1 0.00s - Debugger warning: It seems that frozen modules are being used, which may
8.9s 2 0.00s - make the debugger miss breakpoints. Please pass -Xfrozen_modules=off
8.9s 3 0.00s - to python to disable frozen modules.
8.9s 4 0.00s - Note: Debugging will proceed. Set PYDEVD_DISABLE_FILE_VALIDATION=1 to disable this validation.
9.6s 5 0.00s - Debugger warning: It seems that frozen modules are being used, which may
9.6s 6 0.00s - make the debugger miss breakpoints. Please pass -Xfrozen_modules=off
9.6s 7 0.00s - to python to disable frozen modules.
9.6s 8 0.00s - Note: Debugging will proceed. Set PYDEVD_DISABLE_FILE_VALIDATION=1 to disable this validation.
16.6s 9 Dataset mean: [0.07158476114273071, 0.07307543605566025, 0.0667731761932373]
16.6s 10 Dataset std:  [0.22121544182300568, 0.2111760824918747, 0.2080152928829193]
16.6s 11 
17.8s 12 === FGSM Results ===
17.8s 13 Attack: 7 → 3
17.8s 14 Untargeted | Lazy: 99.60% | Robust: 6.40%
17.8s 15 Targeted   | Lazy: 13.00% | Robust: 2.00%
25.7s 16 /usr/local/lib/python3.12/dist-packages/mistune.py:435: SyntaxWarning: invalid escape sequence '\|'
25.7s 17 cells[i][c] = re.sub('\\\\\|', '|', cell)
25.9s 18 /usr/local/lib/python3.12/dist-packages/nbconvert/filters/filter_links.py:36: SyntaxWarning: invalid escape sequence '\_'
25.9s 19 text = re.sub(r'_', '\_', text) # Escape underscores in display text
26.6s 20 /usr/local/lib/python3.12/dist-packages/traitlets/traitlets.py:2915: FutureWarning: --Exporter.preprocessors=["remove_papermill_header.RemovePapermillHeader"] for containers is deprecated in traitlets 5.0. You can pass `--Exporter.preprocessors item` ... multiple times to add items to a list.
26.6s 21 warn(
26.7s 22 [NbConvertApp] Converting notebook __notebook__.ipynb to notebook
27.0s 23 [NbConvertApp] Writing 336411 bytes to __notebook__.ipynb
29.9s 24 /usr/local/lib/python3.12/dist-packages/traitlets/traitlets.py:2915: FutureWarning: --Exporter.preprocessors=["nbconvert.preprocessors.ExtractOutputPreprocessor"] for containers is deprecated in traitlets 5.0. You can pass `--Exporter.preprocessors item` ... multiple times to add items to a list.
29.9s 25 warn(
29.9s 26 [NbConvertApp] Converting notebook __notebook__.ipynb to html
31.0s 27 [NbConvertApp] Support files will be in __results___files/
31.0s 28 [NbConvertApp] Making directory __results___files
31.0s 29 [NbConvertApp] Making directory __results___files
31.0s 30 [NbConvertApp] Making directory __results___files
31.0s 31 [NbConvertApp] Making directory __results___files
31.0s 32 [NbConvertApp] Making directory __results___files
31.0s 33 [NbConvertApp] Writing 347853 bytes to __results__.html