[{"stream_name":"stderr","time":8.574190053,"data":"0.00s - Debugger warning: It seems that frozen modules are being used, which may\n"}
,{"stream_name":"stderr","time":8.574274007,"data":"0.00s - make the debugger miss breakpoints. Please pass -Xfrozen_modules=off\n"}
,{"stream_name":"stderr","time":8.574302276,"data":"0.00s - to python to disable frozen modules.\n"}
,{"stream_name":"stderr","time":8.574310338,"data":"0.00s - Note: Debugging will proceed. Set PYDEVD_DISABLE_FILE_VALIDATION=1 to disable this validation.\n"}
,{"stream_name":"stderr","time":9.16717676,"data":"0.00s - Debugger warning: It seems that frozen modules are being used, which may\n"}
,{"stream_name":"stderr","time":9.167215967,"data":"0.00s - make the debugger miss breakpoints. Please pass -Xfrozen_modules=off\n"}
,{"stream_name":"stderr","time":9.167222912,"data":"0.00s - to python to disable frozen modules.\n"}
,{"stream_name":"stderr","time":9.167227645,"data":"0.00s - Note: Debugging will proceed. Set PYDEVD_DISABLE_FILE_VALIDATION=1 to disable this validation.\n"}
,{"stream_name":"stdout","time":17.238120773,"data":"\n"}
,{"stream_name":"stdout","time":17.238193002,"data":"[Data] Loading from /kaggle/input/cmnistneo1...\n"}
,{"stream_name":"stdout","time":18.467324452,"data":"[Data] Analyzing bias...\n"}
,{"stream_name":"stdout","time":18.689008616,"data":"  Env 1 (Aligned/Biased): 57948 samples\n"}
,{"stream_name":"stdout","time":18.689048426,"data":"  Env 2 (Conflict/OOD):   2052 samples\n"}
,{"stream_name":"stdout","time":18.939128646,"data":"\n"}
,{"stream_name":"stdout","time":18.939172346,"data":"[Data] Loading Test Sets...\n"}
,{"stream_name":"stdout","time":26.038148321,"data":"\n"}
,{"stream_name":"stdout","time":26.038209702,"data":"[Train] Starting IRM Training on cuda...\n"}
,{"stream_name":"stdout","time":26.038218837,"data":"  Penalty: 100.0 (Annealed for 10 epochs)\n"}
,{"stream_name":"stdout","time":31.211178437,"data":"Epoch [1/100] Loss: 0.5287 | Train Acc: 87.4% | Val Acc (OOD): 91.1%\n"}
,{"stream_name":"stdout","time":35.002956505,"data":"Epoch [2/100] Loss: 0.0876 | Train Acc: 98.0% | Val Acc (OOD): 95.0%\n"}
,{"stream_name":"stdout","time":38.772370445,"data":"Epoch [3/100] Loss: 0.0452 | Train Acc: 98.8% | Val Acc (OOD): 95.1%\n"}
,{"stream_name":"stdout","time":42.706274701,"data":"Epoch [4/100] Loss: 0.0341 | Train Acc: 99.0% | Val Acc (OOD): 95.3%\n"}
,{"stream_name":"stdout","time":46.465156887,"data":"Epoch [5/100] Loss: 0.0264 | Train Acc: 99.2% | Val Acc (OOD): 94.5%\n"}
,{"stream_name":"stdout","time":50.23976515,"data":"Epoch [6/100] Loss: 0.0228 | Train Acc: 99.3% | Val Acc (OOD): 95.9%\n"}
,{"stream_name":"stdout","time":54.021356857,"data":"Epoch [7/100] Loss: 0.0196 | Train Acc: 99.4% | Val Acc (OOD): 95.6%\n"}
,{"stream_name":"stdout","time":57.792064183,"data":"Epoch [8/100] Loss: 0.0187 | Train Acc: 99.4% | Val Acc (OOD): 94.9%\n"}
,{"stream_name":"stdout","time":61.580448618,"data":"Epoch [9/100] Loss: 0.0172 | Train Acc: 99.5% | Val Acc (OOD): 94.5%\n"}
,{"stream_name":"stdout","time":65.373310902,"data":"Epoch [10/100] Loss: 0.0162 | Train Acc: 99.5% | Val Acc (OOD): 94.3%\n"}
,{"stream_name":"stdout","time":69.738727612,"data":"Epoch [11/100] Loss: 7.6524 | Train Acc: 18.4% | Val Acc (OOD): 10.2%\n"}
,{"stream_name":"stdout","time":73.872480803,"data":"Epoch [12/100] Loss: 2.2507 | Train Acc: 11.3% | Val Acc (OOD): 13.4%\n"}
,{"stream_name":"stdout","time":78.014085884,"data":"Epoch [13/100] Loss: 2.2060 | Train Acc: 12.9% | Val Acc (OOD): 15.6%\n"}
,{"stream_name":"stdout","time":82.118885685,"data":"Epoch [14/100] Loss: 2.1110 | Train Acc: 14.1% | Val Acc (OOD): 16.4%\n"}
,{"stream_name":"stdout","time":86.238105706,"data":"Epoch [15/100] Loss: 2.1519 | Train Acc: 15.3% | Val Acc (OOD): 17.2%\n"}
,{"stream_name":"stdout","time":90.358403441,"data":"Epoch [16/100] Loss: 2.0614 | Train Acc: 16.5% | Val Acc (OOD): 16.5%\n"}
,{"stream_name":"stdout","time":94.630652728,"data":"Epoch [17/100] Loss: 1.9784 | Train Acc: 18.6% | Val Acc (OOD): 17.6%\n"}
,{"stream_name":"stdout","time":98.775556239,"data":"Epoch [18/100] Loss: 1.7544 | Train Acc: 28.0% | Val Acc (OOD): 31.5%\n"}
,{"stream_name":"stdout","time":102.899937484,"data":"Epoch [19/100] Loss: 1.7168 | Train Acc: 37.4% | Val Acc (OOD): 36.8%\n"}
,{"stream_name":"stdout","time":107.027251375,"data":"Epoch [20/100] Loss: 1.4780 | Train Acc: 44.5% | Val Acc (OOD): 52.0%\n"}
,{"stream_name":"stdout","time":111.164401765,"data":"Epoch [21/100] Loss: 1.2758 | Train Acc: 56.6% | Val Acc (OOD): 68.4%\n"}
,{"stream_name":"stdout","time":115.312692218,"data":"Epoch [22/100] Loss: 1.0481 | Train Acc: 67.1% | Val Acc (OOD): 72.1%\n"}
,{"stream_name":"stdout","time":119.444878666,"data":"Epoch [23/100] Loss: 0.8527 | Train Acc: 81.1% | Val Acc (OOD): 84.5%\n"}
,{"stream_name":"stdout","time":123.742656209,"data":"Epoch [24/100] Loss: 0.5384 | Train Acc: 88.3% | Val Acc (OOD): 90.5%\n"}
,{"stream_name":"stdout","time":127.892497104,"data":"Epoch [25/100] Loss: 0.4051 | Train Acc: 91.8% | Val Acc (OOD): 92.6%\n"}
,{"stream_name":"stdout","time":132.057153914,"data":"Epoch [26/100] Loss: 0.3365 | Train Acc: 93.8% | Val Acc (OOD): 93.3%\n"}
,{"stream_name":"stdout","time":136.205349417,"data":"Epoch [27/100] Loss: 0.2901 | Train Acc: 95.1% | Val Acc (OOD): 93.8%\n"}
,{"stream_name":"stdout","time":140.366674002,"data":"Epoch [28/100] Loss: 0.2656 | Train Acc: 95.8% | Val Acc (OOD): 94.2%\n"}
,{"stream_name":"stdout","time":144.524273165,"data":"Epoch [29/100] Loss: 0.2194 | Train Acc: 96.6% | Val Acc (OOD): 94.3%\n"}
,{"stream_name":"stdout","time":148.682278246,"data":"Epoch [30/100] Loss: 0.1962 | Train Acc: 97.1% | Val Acc (OOD): 94.8%\n"}
,{"stream_name":"stdout","time":152.98561382,"data":"Epoch [31/100] Loss: 0.1734 | Train Acc: 97.6% | Val Acc (OOD): 94.2%\n"}
,{"stream_name":"stdout","time":157.137194558,"data":"Epoch [32/100] Loss: 0.1516 | Train Acc: 97.8% | Val Acc (OOD): 95.3%\n"}
,{"stream_name":"stdout","time":161.329584382,"data":"Epoch [33/100] Loss: 0.1443 | Train Acc: 98.1% | Val Acc (OOD): 94.9%\n"}
,{"stream_name":"stdout","time":165.471995546,"data":"Epoch [34/100] Loss: 0.1165 | Train Acc: 98.4% | Val Acc (OOD): 94.7%\n"}
,{"stream_name":"stdout","time":169.610805355,"data":"Epoch [35/100] Loss: 0.1124 | Train Acc: 98.7% | Val Acc (OOD): 94.7%\n"}
,{"stream_name":"stdout","time":173.759066471,"data":"Epoch [36/100] Loss: 0.1047 | Train Acc: 98.8% | Val Acc (OOD): 94.9%\n"}
,{"stream_name":"stdout","time":178.047897386,"data":"Epoch [37/100] Loss: 0.0932 | Train Acc: 98.9% | Val Acc (OOD): 95.2%\n"}
,{"stream_name":"stdout","time":182.212642993,"data":"Epoch [38/100] Loss: 0.0888 | Train Acc: 99.0% | Val Acc (OOD): 93.2%\n"}
,{"stream_name":"stdout","time":186.358338058,"data":"Epoch [39/100] Loss: 0.0768 | Train Acc: 99.0% | Val Acc (OOD): 95.7%\n"}
,{"stream_name":"stdout","time":190.500725122,"data":"Epoch [40/100] Loss: 0.0835 | Train Acc: 99.1% | Val Acc (OOD): 94.5%\n"}
,{"stream_name":"stdout","time":194.63570605,"data":"Epoch [41/100] Loss: 0.0695 | Train Acc: 99.1% | Val Acc (OOD): 95.4%\n"}
,{"stream_name":"stdout","time":198.77373827,"data":"Epoch [42/100] Loss: 0.0674 | Train Acc: 99.2% | Val Acc (OOD): 95.5%\n"}
,{"stream_name":"stdout","time":202.927369172,"data":"Epoch [43/100] Loss: 0.0582 | Train Acc: 99.3% | Val Acc (OOD): 94.9%\n"}
,{"stream_name":"stdout","time":207.221421751,"data":"Epoch [44/100] Loss: 0.0546 | Train Acc: 99.3% | Val Acc (OOD): 96.2%\n"}
,{"stream_name":"stdout","time":211.365846203,"data":"Epoch [45/100] Loss: 0.0528 | Train Acc: 99.3% | Val Acc (OOD): 96.3%\n"}
,{"stream_name":"stdout","time":215.508393557,"data":"Epoch [46/100] Loss: 0.0603 | Train Acc: 99.3% | Val Acc (OOD): 96.1%\n"}
,{"stream_name":"stdout","time":219.653729595,"data":"Epoch [47/100] Loss: 0.0496 | Train Acc: 99.4% | Val Acc (OOD): 97.0%\n"}
,{"stream_name":"stdout","time":223.828364638,"data":"Epoch [48/100] Loss: 0.0376 | Train Acc: 99.5% | Val Acc (OOD): 96.6%\n"}
,{"stream_name":"stdout","time":227.982544877,"data":"Epoch [49/100] Loss: 0.0472 | Train Acc: 99.4% | Val Acc (OOD): 94.8%\n"}
,{"stream_name":"stdout","time":232.303661752,"data":"Epoch [50/100] Loss: 0.0379 | Train Acc: 99.4% | Val Acc (OOD): 96.6%\n"}
,{"stream_name":"stdout","time":236.464732492,"data":"Epoch [51/100] Loss: 0.0362 | Train Acc: 99.5% | Val Acc (OOD): 96.5%\n"}
,{"stream_name":"stdout","time":240.618844545,"data":"Epoch [52/100] Loss: 0.0365 | Train Acc: 99.5% | Val Acc (OOD): 97.1%\n"}
,{"stream_name":"stdout","time":244.782034381,"data":"Epoch [53/100] Loss: 0.0388 | Train Acc: 99.4% | Val Acc (OOD): 96.2%\n"}
,{"stream_name":"stdout","time":248.930743974,"data":"Epoch [54/100] Loss: 0.0292 | Train Acc: 99.6% | Val Acc (OOD): 96.3%\n"}
,{"stream_name":"stdout","time":253.088723457,"data":"Epoch [55/100] Loss: 0.0270 | Train Acc: 99.6% | Val Acc (OOD): 96.7%\n"}
,{"stream_name":"stdout","time":257.224572737,"data":"Epoch [56/100] Loss: 6.6896 | Train Acc: 70.3% | Val Acc (OOD): 26.9%\n"}
,{"stream_name":"stdout","time":261.52940567,"data":"Epoch [57/100] Loss: 1.9892 | Train Acc: 30.2% | Val Acc (OOD): 31.9%\n"}
,{"stream_name":"stdout","time":265.682808541,"data":"Epoch [58/100] Loss: 1.7987 | Train Acc: 34.4% | Val Acc (OOD): 36.9%\n"}
,{"stream_name":"stdout","time":269.827790915,"data":"Epoch [59/100] Loss: 1.5555 | Train Acc: 39.8% | Val Acc (OOD): 49.1%\n"}
,{"stream_name":"stdout","time":273.982845426,"data":"Epoch [60/100] Loss: 1.4456 | Train Acc: 52.1% | Val Acc (OOD): 58.2%\n"}
,{"stream_name":"stdout","time":278.121178914,"data":"Epoch [61/100] Loss: 0.9458 | Train Acc: 72.0% | Val Acc (OOD): 84.4%\n"}
,{"stream_name":"stdout","time":282.284093042,"data":"Epoch [62/100] Loss: 0.5843 | Train Acc: 85.4% | Val Acc (OOD): 84.7%\n"}
,{"stream_name":"stdout","time":286.432027268,"data":"Epoch [63/100] Loss: 0.4103 | Train Acc: 88.4% | Val Acc (OOD): 85.5%\n"}
,{"stream_name":"stdout","time":290.72077679,"data":"Epoch [64/100] Loss: 0.3118 | Train Acc: 92.7% | Val Acc (OOD): 85.5%\n"}
,{"stream_name":"stdout","time":294.87813863,"data":"Epoch [65/100] Loss: 0.2154 | Train Acc: 97.3% | Val Acc (OOD): 93.9%\n"}
,{"stream_name":"stdout","time":299.027191181,"data":"Epoch [66/100] Loss: 0.1391 | Train Acc: 98.4% | Val Acc (OOD): 95.0%\n"}
,{"stream_name":"stdout","time":303.187491396,"data":"Epoch [67/100] Loss: 0.1009 | Train Acc: 98.8% | Val Acc (OOD): 96.0%\n"}
,{"stream_name":"stdout","time":307.336592503,"data":"Epoch [68/100] Loss: 0.0878 | Train Acc: 98.9% | Val Acc (OOD): 95.7%\n"}
,{"stream_name":"stdout","time":311.488347404,"data":"Epoch [69/100] Loss: 0.0803 | Train Acc: 99.0% | Val Acc (OOD): 96.4%\n"}
,{"stream_name":"stdout","time":315.781047944,"data":"Epoch [70/100] Loss: 0.0673 | Train Acc: 99.1% | Val Acc (OOD): 96.5%\n"}
,{"stream_name":"stdout","time":319.92834781,"data":"Epoch [71/100] Loss: 0.0663 | Train Acc: 99.2% | Val Acc (OOD): 96.7%\n"}
,{"stream_name":"stdout","time":324.084710701,"data":"Epoch [72/100] Loss: 0.0619 | Train Acc: 99.2% | Val Acc (OOD): 96.8%\n"}
,{"stream_name":"stdout","time":328.236819311,"data":"Epoch [73/100] Loss: 0.0577 | Train Acc: 99.2% | Val Acc (OOD): 97.0%\n"}
,{"stream_name":"stdout","time":332.395399277,"data":"Epoch [74/100] Loss: 0.0558 | Train Acc: 99.3% | Val Acc (OOD): 95.8%\n"}
,{"stream_name":"stdout","time":336.536056233,"data":"Epoch [75/100] Loss: 0.0486 | Train Acc: 99.3% | Val Acc (OOD): 97.0%\n"}
,{"stream_name":"stdout","time":340.688482174,"data":"Epoch [76/100] Loss: 0.0480 | Train Acc: 99.4% | Val Acc (OOD): 97.2%\n"}
,{"stream_name":"stdout","time":345.001415302,"data":"Epoch [77/100] Loss: 0.0460 | Train Acc: 99.3% | Val Acc (OOD): 97.1%\n"}
,{"stream_name":"stdout","time":349.161752395,"data":"Epoch [78/100] Loss: 0.0422 | Train Acc: 99.4% | Val Acc (OOD): 97.2%\n"}
,{"stream_name":"stdout","time":353.31995404,"data":"Epoch [79/100] Loss: 0.0398 | Train Acc: 99.4% | Val Acc (OOD): 97.0%\n"}
,{"stream_name":"stdout","time":357.463094558,"data":"Epoch [80/100] Loss: 0.0376 | Train Acc: 99.4% | Val Acc (OOD): 96.6%\n"}
,{"stream_name":"stdout","time":361.625841621,"data":"Epoch [81/100] Loss: 0.0350 | Train Acc: 99.5% | Val Acc (OOD): 96.8%\n"}
,{"stream_name":"stdout","time":365.776924238,"data":"Epoch [82/100] Loss: 0.0335 | Train Acc: 99.5% | Val Acc (OOD): 96.8%\n"}
,{"stream_name":"stdout","time":369.929042322,"data":"Epoch [83/100] Loss: 0.0312 | Train Acc: 99.5% | Val Acc (OOD): 97.2%\n"}
,{"stream_name":"stdout","time":374.247134638,"data":"Epoch [84/100] Loss: 0.0309 | Train Acc: 99.5% | Val Acc (OOD): 96.9%\n"}
,{"stream_name":"stdout","time":378.400313518,"data":"Epoch [85/100] Loss: 0.0301 | Train Acc: 99.5% | Val Acc (OOD): 97.0%\n"}
,{"stream_name":"stdout","time":382.543537424,"data":"Epoch [86/100] Loss: 0.0288 | Train Acc: 99.5% | Val Acc (OOD): 96.7%\n"}
,{"stream_name":"stdout","time":386.678851908,"data":"Epoch [87/100] Loss: 0.0294 | Train Acc: 99.5% | Val Acc (OOD): 96.0%\n"}
,{"stream_name":"stdout","time":390.810832651,"data":"Epoch [88/100] Loss: 0.0271 | Train Acc: 99.6% | Val Acc (OOD): 96.8%\n"}
,{"stream_name":"stdout","time":394.979541042,"data":"Epoch [89/100] Loss: 0.0247 | Train Acc: 99.5% | Val Acc (OOD): 96.8%\n"}
,{"stream_name":"stdout","time":399.278182149,"data":"Epoch [90/100] Loss: 0.0250 | Train Acc: 99.6% | Val Acc (OOD): 96.9%\n"}
,{"stream_name":"stdout","time":403.495589868,"data":"Epoch [91/100] Loss: 0.0224 | Train Acc: 99.6% | Val Acc (OOD): 97.0%\n"}
,{"stream_name":"stdout","time":407.664740925,"data":"Epoch [92/100] Loss: 0.0249 | Train Acc: 99.6% | Val Acc (OOD): 96.9%\n"}
,{"stream_name":"stdout","time":411.833933147,"data":"Epoch [93/100] Loss: 0.0261 | Train Acc: 99.6% | Val Acc (OOD): 96.5%\n"}
,{"stream_name":"stdout","time":415.984493252,"data":"Epoch [94/100] Loss: 0.0217 | Train Acc: 99.6% | Val Acc (OOD): 97.2%\n"}
,{"stream_name":"stdout","time":420.122615598,"data":"Epoch [95/100] Loss: 0.0199 | Train Acc: 99.6% | Val Acc (OOD): 96.2%\n"}
,{"stream_name":"stdout","time":424.289224234,"data":"Epoch [96/100] Loss: 0.0305 | Train Acc: 99.6% | Val Acc (OOD): 95.8%\n"}
,{"stream_name":"stdout","time":428.582684575,"data":"Epoch [97/100] Loss: 0.0299 | Train Acc: 99.5% | Val Acc (OOD): 97.0%\n"}
,{"stream_name":"stdout","time":432.75079332,"data":"Epoch [98/100] Loss: 0.0271 | Train Acc: 99.5% | Val Acc (OOD): 96.6%\n"}
,{"stream_name":"stdout","time":436.890929126,"data":"Epoch [99/100] Loss: 0.0203 | Train Acc: 99.6% | Val Acc (OOD): 96.5%\n"}
,{"stream_name":"stdout","time":441.050473637,"data":"Epoch [100/100] Loss: 0.0222 | Train Acc: 99.6% | Val Acc (OOD): 96.9%\n"}
,{"stream_name":"stdout","time":441.050504682,"data":"\n"}
,{"stream_name":"stdout","time":441.050510589,"data":"[Done] Model saved to task4_irm_model.pth\n"}
,{"stream_name":"stdout","time":441.05051522,"data":"\n"}
,{"stream_name":"stdout","time":441.050519383,"data":"[Evaluate] Starting comprehensive evaluation...\n"}
,{"stream_name":"stdout","time":441.27487752,"data":"rg95z      | Loss: 0.0176 | Acc: 99.51%\n"}
,{"stream_name":"stdout","time":441.274913494,"data":"gr95z      | Loss: 0.1018 | Acc: 96.92%\n"}
,{"stream_name":"stdout","time":441.676534659,"data":"gr95e      | Loss: 0.4208 | Acc: 90.64%\n"}
,{"stream_name":"stdout","time":441.676572823,"data":"gr95m      | Loss: 0.4491 | Acc: 89.82%\n"}
,{"stream_name":"stdout","time":442.076273065,"data":"gr95h      | Loss: 0.7229 | Acc: 85.38%\n"}
,{"stream_name":"stdout","time":442.281394887,"data":"gr95vh     | Loss: 0.7541 | Acc: 84.02%\n"}
,{"stream_name":"stdout","time":442.281432105,"data":"bw95z      | Loss: 0.1101 | Acc: 97.66%\n"}
,{"stream_name":"stdout","time":442.696797735,"data":"bw100z     | Loss: 0.1106 | Acc: 97.66%\n"}
,{"stream_name":"stdout","time":443.012885588,"data":"Saved accuracy_comparison.png\n"}
,{"stream_name":"stdout","time":443.402411497,"data":"Saved training_curves.png\n"}
,{"stream_name":"stdout","time":448.997339885,"data":"Saved confusion_matrices.png\n"}
,{"stream_name":"stdout","time":448.997384073,"data":"\n"}
,{"stream_name":"stdout","time":448.997390697,"data":"==================================================\n"}
,{"stream_name":"stdout","time":448.997395447,"data":"EVALUATION SUMMARY\n"}
,{"stream_name":"stdout","time":448.997400113,"data":"==================================================\n"}
,{"stream_name":"stdout","time":448.997404697,"data":"rg95z          :  99.51%\n"}
,{"stream_name":"stdout","time":448.997409222,"data":"gr95z          :  96.92%\n"}
,{"stream_name":"stdout","time":448.997413837,"data":"gr95e          :  90.64%\n"}
,{"stream_name":"stdout","time":448.997418438,"data":"gr95m          :  89.82%\n"}
,{"stream_name":"stdout","time":448.997423111,"data":"gr95h          :  85.38%\n"}
,{"stream_name":"stdout","time":448.997427884,"data":"gr95vh         :  84.02%\n"}
,{"stream_name":"stdout","time":448.997432617,"data":"bw95z          :  97.66%\n"}
,{"stream_name":"stdout","time":448.997437306,"data":"bw100z         :  97.66%\n"}
,{"stream_name":"stdout","time":448.997442029,"data":"==================================================\n"}
,{"stream_name":"stderr","time":455.949577657,"data":"/usr/local/lib/python3.12/dist-packages/mistune.py:435: SyntaxWarning: invalid escape sequence '\\|'\n"}
,{"stream_name":"stderr","time":455.949616051,"data":"  cells[i][c] = re.sub('\\\\\\\\\\|', '|', cell)\n"}
,{"stream_name":"stderr","time":456.111045887,"data":"/usr/local/lib/python3.12/dist-packages/nbconvert/filters/filter_links.py:36: SyntaxWarning: invalid escape sequence '\\_'\n"}
,{"stream_name":"stderr","time":456.111070718,"data":"  text = re.sub(r'_', '\\_', text) # Escape underscores in display text\n"}
,{"stream_name":"stderr","time":456.749442519,"data":"/usr/local/lib/python3.12/dist-packages/traitlets/traitlets.py:2915: FutureWarning: --Exporter.preprocessors=[\"remove_papermill_header.RemovePapermillHeader\"] for containers is deprecated in traitlets 5.0. You can pass `--Exporter.preprocessors item` ... multiple times to add items to a list.\n"}
,{"stream_name":"stderr","time":456.749477562,"data":"  warn(\n"}
,{"stream_name":"stderr","time":456.788042135,"data":"[NbConvertApp] Converting notebook __notebook__.ipynb to notebook\n"}
,{"stream_name":"stderr","time":457.087389511,"data":"[NbConvertApp] Writing 497474 bytes to __notebook__.ipynb\n"}
,{"stream_name":"stderr","time":459.373206783,"data":"/usr/local/lib/python3.12/dist-packages/traitlets/traitlets.py:2915: FutureWarning: --Exporter.preprocessors=[\"nbconvert.preprocessors.ExtractOutputPreprocessor\"] for containers is deprecated in traitlets 5.0. You can pass `--Exporter.preprocessors item` ... multiple times to add items to a list.\n"}
,{"stream_name":"stderr","time":459.373254368,"data":"  warn(\n"}
,{"stream_name":"stderr","time":459.400072452,"data":"[NbConvertApp] Converting notebook __notebook__.ipynb to html\n"}
,{"stream_name":"stderr","time":460.232453133,"data":"[NbConvertApp] Support files will be in __results___files/\n"}
,{"stream_name":"stderr","time":460.232485448,"data":"[NbConvertApp] Making directory __results___files\n"}
,{"stream_name":"stderr","time":460.232802251,"data":"[NbConvertApp] Making directory __results___files\n"}
,{"stream_name":"stderr","time":460.233006996,"data":"[NbConvertApp] Making directory __results___files\n"}
,{"stream_name":"stderr","time":460.233418074,"data":"[NbConvertApp] Writing 358432 bytes to __results__.html\n"}
]