[{"stream_name":"stderr","time":6.88334122,"data":"0.00s - Debugger warning: It seems that frozen modules are being used, which may\n"}
,{"stream_name":"stderr","time":6.883435855,"data":"0.00s - make the debugger miss breakpoints. Please pass -Xfrozen_modules=off\n"}
,{"stream_name":"stderr","time":6.883440275,"data":"0.00s - to python to disable frozen modules.\n"}
,{"stream_name":"stderr","time":6.8834428,"data":"0.00s - Note: Debugging will proceed. Set PYDEVD_DISABLE_FILE_VALIDATION=1 to disable this validation.\n"}
,{"stream_name":"stderr","time":7.464553952,"data":"0.00s - Debugger warning: It seems that frozen modules are being used, which may\n"}
,{"stream_name":"stderr","time":7.464591912,"data":"0.00s - make the debugger miss breakpoints. Please pass -Xfrozen_modules=off\n"}
,{"stream_name":"stderr","time":7.464596017,"data":"0.00s - to python to disable frozen modules.\n"}
,{"stream_name":"stderr","time":7.46459855,"data":"0.00s - Note: Debugging will proceed. Set PYDEVD_DISABLE_FILE_VALIDATION=1 to disable this validation.\n"}
,{"stream_name":"stdout","time":14.518168351,"data":"PyTorch version: 2.8.0+cu126\n"}
,{"stream_name":"stdout","time":14.518230041,"data":"CUDA available: True\n"}
,{"stream_name":"stdout","time":14.518234896,"data":"Using device: cuda\n"}
,{"stream_name":"stdout","time":15.519799303,"data":"rg95z shape: (10000, 28, 28, 3), labels: (10000,)\n"}
,{"stream_name":"stdout","time":15.73428544,"data":"gr95z shape: (10000, 28, 28, 3), labels: (10000,)\n"}
,{"stream_name":"stdout","time":16.178467243,"data":"gr95e shape: (10000, 28, 28, 3), labels: (10000,)\n"}
,{"stream_name":"stdout","time":16.513091612,"data":"gr95m shape: (10000, 28, 28, 3), labels: (10000,)\n"}
,{"stream_name":"stdout","time":16.922227645,"data":"gr95h shape: (10000, 28, 28, 3), labels: (10000,)\n"}
,{"stream_name":"stdout","time":17.244104727,"data":"gr95vh shape: (10000, 28, 28, 3), labels: (10000,)\n"}
,{"stream_name":"stdout","time":17.244159355,"data":"bw95z shape: (10000, 28, 28, 3), labels: (10000,)\n"}
,{"stream_name":"stdout","time":17.610672247,"data":"bw100z shape: (10000, 28, 28, 3), labels: (10000,)\n"}
,{"stream_name":"stdout","time":17.610717118,"data":"\n"}
,{"stream_name":"stdout","time":17.610724807,"data":"Training data shape: (60000, 28, 28, 3)\n"}
,{"stream_name":"stdout","time":17.610729623,"data":"Training labels shape: (60000,)\n"}
,{"stream_name":"stdout","time":17.610734218,"data":"Number of classes: 10\n"}
,{"stream_name":"stdout","time":18.4981022,"data":"Training set: torch.Size([54000, 3, 28, 28])\n"}
,{"stream_name":"stdout","time":18.498136749,"data":"Validation set: torch.Size([6000, 3, 28, 28])\n"}
,{"stream_name":"stdout","time":18.498143564,"data":"Test set rg95z: torch.Size([10000, 3, 28, 28])\n"}
,{"stream_name":"stdout","time":18.49814881,"data":"Test set gr95z: torch.Size([10000, 3, 28, 28])\n"}
,{"stream_name":"stdout","time":18.498155213,"data":"Test set gr95e: torch.Size([10000, 3, 28, 28])\n"}
,{"stream_name":"stdout","time":18.498160627,"data":"Test set gr95m: torch.Size([10000, 3, 28, 28])\n"}
,{"stream_name":"stdout","time":18.498166294,"data":"Test set gr95h: torch.Size([10000, 3, 28, 28])\n"}
,{"stream_name":"stdout","time":18.498171833,"data":"Test set gr95vh: torch.Size([10000, 3, 28, 28])\n"}
,{"stream_name":"stdout","time":18.498178077,"data":"Test set bw95z: torch.Size([10000, 3, 28, 28])\n"}
,{"stream_name":"stdout","time":18.498183809,"data":"Test set bw100z: torch.Size([10000, 3, 28, 28])\n"}
,{"stream_name":"stdout","time":18.498189359,"data":"Input shape: torch.Size([3, 28, 28])\n"}
,{"stream_name":"stdout","time":18.776430974,"data":"CNN3Layer(\n"}
,{"stream_name":"stdout","time":18.77647467,"data":"  (conv1): Conv2d(3, 32, kernel_size=(3, 3), stride=(1, 1), padding=(1, 1))\n"}
,{"stream_name":"stdout","time":18.77648021,"data":"  (pool1): ChannelWiseMaxPool2d()\n"}
,{"stream_name":"stdout","time":18.776483935999998,"data":"  (conv2): Conv2d(32, 64, kernel_size=(3, 3), stride=(1, 1), padding=(1, 1))\n"}
,{"stream_name":"stdout","time":18.776487835,"data":"  (pool2): ChannelWiseMaxPool2d()\n"}
,{"stream_name":"stdout","time":18.7764915,"data":"  (conv3): Conv2d(64, 64, kernel_size=(3, 3), stride=(1, 1), padding=(1, 1))\n"}
,{"stream_name":"stdout","time":18.776495697,"data":"  (pool3): ChannelWiseMaxPool2d()\n"}
,{"stream_name":"stdout","time":18.776499347,"data":"  (fc1): Linear(in_features=576, out_features=128, bias=True)\n"}
,{"stream_name":"stdout","time":18.776503013,"data":"  (dropout): Dropout(p=0.0, inplace=False)\n"}
,{"stream_name":"stdout","time":18.776506788,"data":"  (fc2): Linear(in_features=128, out_features=10, bias=True)\n"}
,{"stream_name":"stdout","time":18.776510508,"data":")\n"}
,{"stream_name":"stdout","time":18.776514308,"data":"\n"}
,{"stream_name":"stdout","time":18.776517764,"data":"Total parameters: 131,466\n"}
,{"stream_name":"stdout","time":18.77652135,"data":"\n"}
,{"stream_name":"stdout","time":18.776524556,"data":"============================================================\n"}
,{"stream_name":"stdout","time":18.776527785,"data":"CHANNEL-WISE POOLING STRATEGY\n"}
,{"stream_name":"stdout","time":18.776531303,"data":"============================================================\n"}
,{"stream_name":"stdout","time":18.776535033000002,"data":"Using ChannelWiseMaxPool2d for all pooling layers\n"}
,{"stream_name":"stdout","time":18.776538592,"data":"Each color channel (R, G, B) is pooled INDEPENDENTLY\n"}
,{"stream_name":"stdout","time":18.776542382,"data":"This preserves color information separately rather than\n"}
,{"stream_name":"stdout","time":18.776545958,"data":"pooling across all channels together\n"}
,{"stream_name":"stdout","time":18.776549552,"data":"============================================================\n"}
,{"stream_name":"stdout","time":18.776553325,"data":"\n"}
,{"stream_name":"stdout","time":23.285524237,"data":"Model compiled successfully!\n"}
,{"stream_name":"stdout","time":23.285566154,"data":"Optimizer: Adam\n"}
,{"stream_name":"stdout","time":23.28557353,"data":"Loss function: CrossEntropyLoss\n"}
,{"stream_name":"stdout","time":45.421588457,"data":"Epoch [1/10] - Train Loss: 0.1584, Train Acc: 0.9556 - Val Loss: 0.0402, Val Acc: 0.9870\n"}
,{"stream_name":"stdout","time":66.582579438,"data":"Epoch [2/10] - Train Loss: 0.0410, Train Acc: 0.9892 - Val Loss: 0.0263, Val Acc: 0.9913\n"}
,{"stream_name":"stdout","time":87.69338931,"data":"Epoch [3/10] - Train Loss: 0.0312, Train Acc: 0.9915 - Val Loss: 0.0277, Val Acc: 0.9913\n"}
,{"stream_name":"stdout","time":108.846946255,"data":"Epoch [4/10] - Train Loss: 0.0322, Train Acc: 0.9918 - Val Loss: 0.0508, Val Acc: 0.9902\n"}
,{"stream_name":"stdout","time":129.968198557,"data":"Epoch [5/10] - Train Loss: 0.0371, Train Acc: 0.9914 - Val Loss: 0.0261, Val Acc: 0.9930\n"}
,{"stream_name":"stdout","time":151.075668906,"data":"Epoch [6/10] - Train Loss: 0.0206, Train Acc: 0.9947 - Val Loss: 0.0254, Val Acc: 0.9927\n"}
,{"stream_name":"stdout","time":172.250926214,"data":"Epoch [7/10] - Train Loss: 0.0257, Train Acc: 0.9936 - Val Loss: 0.0728, Val Acc: 0.9823\n"}
,{"stream_name":"stdout","time":193.362267865,"data":"Epoch [8/10] - Train Loss: 0.0264, Train Acc: 0.9934 - Val Loss: 0.0300, Val Acc: 0.9935\n"}
,{"stream_name":"stdout","time":214.432285274,"data":"Epoch [9/10] - Train Loss: 0.0524, Train Acc: 0.9899 - Val Loss: 0.0479, Val Acc: 0.9913\n"}
,{"stream_name":"stdout","time":235.567375561,"data":"Epoch [10/10] - Train Loss: 0.0254, Train Acc: 0.9940 - Val Loss: 0.0258, Val Acc: 0.9945\n"}
,{"stream_name":"stdout","time":235.567421862,"data":"\n"}
,{"stream_name":"stdout","time":235.567429113,"data":"Training completed!\n"}
,{"stream_name":"stdout","time":235.567434646,"data":"\n"}
,{"stream_name":"stdout","time":235.567439423,"data":"Model state dict saved to: task1_v2_model.pth\n"}
,{"stream_name":"stdout","time":235.567443938,"data":"Full model saved to: task1_v2_full_model.pth\n"}
,{"stream_name":"stdout","time":235.567448411,"data":"Training history saved to: training_history.npz\n"}
,{"stream_name":"stdout","time":235.567452918,"data":"Model metadata saved to: metamodel.txt\n"}
,{"stream_name":"stdout","time":236.646103853,"data":"\n"}
,{"stream_name":"stdout","time":236.646144282,"data":"rg95z Results:\n"}
,{"stream_name":"stdout","time":236.646152085,"data":"  Loss: 0.0304\n"}
,{"stream_name":"stdout","time":236.646157832,"data":"  Accuracy: 0.9941 (99.41%)\n"}
,{"stream_name":"stdout","time":237.287332161,"data":"\n"}
,{"stream_name":"stdout","time":237.28737806,"data":"gr95z Results:\n"}
,{"stream_name":"stdout","time":237.287386014,"data":"  Loss: 5.0150\n"}
,{"stream_name":"stdout","time":237.287391462,"data":"  Accuracy: 0.6176 (61.76%)\n"}
,{"stream_name":"stdout","time":237.924951062,"data":"\n"}
,{"stream_name":"stdout","time":237.924994957,"data":"gr95e Results:\n"}
,{"stream_name":"stdout","time":237.925001192,"data":"  Loss: 3.7024\n"}
,{"stream_name":"stdout","time":237.925005758,"data":"  Accuracy: 0.3065 (30.65%)\n"}
,{"stream_name":"stdout","time":238.578300723,"data":"\n"}
,{"stream_name":"stdout","time":238.57835419,"data":"gr95m Results:\n"}
,{"stream_name":"stdout","time":238.578362503,"data":"  Loss: 3.8069\n"}
,{"stream_name":"stdout","time":238.578367797,"data":"  Accuracy: 0.2734 (27.34%)\n"}
,{"stream_name":"stdout","time":239.212783904,"data":"\n"}
,{"stream_name":"stdout","time":239.212827922,"data":"gr95h Results:\n"}
,{"stream_name":"stdout","time":239.212836222,"data":"  Loss: 3.8622\n"}
,{"stream_name":"stdout","time":239.212841524,"data":"  Accuracy: 0.2249 (22.49%)\n"}
,{"stream_name":"stdout","time":239.852653308,"data":"\n"}
,{"stream_name":"stdout","time":239.852694683,"data":"gr95vh Results:\n"}
,{"stream_name":"stdout","time":239.852701683,"data":"  Loss: 3.7860\n"}
,{"stream_name":"stdout","time":239.852706377,"data":"  Accuracy: 0.1992 (19.92%)\n"}
,{"stream_name":"stdout","time":240.493368858,"data":"\n"}
,{"stream_name":"stdout","time":240.493784298,"data":"bw95z Results:\n"}
,{"stream_name":"stdout","time":240.495543093,"data":"  Loss: 1.2549\n"}
,{"stream_name":"stdout","time":240.495562196,"data":"  Accuracy: 0.8052 (80.52%)\n"}
,{"stream_name":"stdout","time":241.136841329,"data":"\n"}
,{"stream_name":"stdout","time":241.136878036,"data":"bw100z Results:\n"}
,{"stream_name":"stdout","time":241.136884895,"data":"  Loss: 1.3230\n"}
,{"stream_name":"stdout","time":241.136890372,"data":"  Accuracy: 0.7978 (79.78%)\n"}
,{"stream_name":"stdout","time":249.269517828,"data":"\n"}
,{"stream_name":"stdout","time":249.269552384,"data":"==================================================\n"}
,{"stream_name":"stdout","time":249.269557589,"data":"EVALUATION SUMMARY\n"}
,{"stream_name":"stdout","time":249.269562846,"data":"==================================================\n"}
,{"stream_name":"stdout","time":249.269567998,"data":"rg95z          :  99.41%\n"}
,{"stream_name":"stdout","time":249.269581679,"data":"gr95z          :  61.76%\n"}
,{"stream_name":"stdout","time":249.269586134,"data":"gr95e          :  30.65%\n"}
,{"stream_name":"stdout","time":249.269589698,"data":"gr95m          :  27.34%\n"}
,{"stream_name":"stdout","time":249.269593908,"data":"gr95h          :  22.49%\n"}
,{"stream_name":"stdout","time":249.269597293,"data":"gr95vh         :  19.92%\n"}
,{"stream_name":"stdout","time":249.269608661,"data":"bw95z          :  80.52%\n"}
,{"stream_name":"stdout","time":249.269612026,"data":"bw100z         :  79.78%\n"}
,{"stream_name":"stdout","time":249.269615362,"data":"==================================================\n"}
,{"stream_name":"stderr","time":254.149588518,"data":"/usr/local/lib/python3.12/dist-packages/mistune.py:435: SyntaxWarning: invalid escape sequence '\\|'\n"}
,{"stream_name":"stderr","time":254.149621438,"data":"  cells[i][c] = re.sub('\\\\\\\\\\|', '|', cell)\n"}
,{"stream_name":"stderr","time":254.290749895,"data":"/usr/local/lib/python3.12/dist-packages/nbconvert/filters/filter_links.py:36: SyntaxWarning: invalid escape sequence '\\_'\n"}
,{"stream_name":"stderr","time":254.290774639,"data":"  text = re.sub(r'_', '\\_', text) # Escape underscores in display text\n"}
,{"stream_name":"stderr","time":254.900143629,"data":"/usr/local/lib/python3.12/dist-packages/traitlets/traitlets.py:2915: FutureWarning: --Exporter.preprocessors=[\"remove_papermill_header.RemovePapermillHeader\"] for containers is deprecated in traitlets 5.0. You can pass `--Exporter.preprocessors item` ... multiple times to add items to a list.\n"}
,{"stream_name":"stderr","time":254.900182961,"data":"  warn(\n"}
,{"stream_name":"stderr","time":254.929146187,"data":"[NbConvertApp] Converting notebook __notebook__.ipynb to notebook\n"}
,{"stream_name":"stderr","time":255.220227104,"data":"[NbConvertApp] Writing 621622 bytes to __notebook__.ipynb\n"}
,{"stream_name":"stderr","time":257.525083543,"data":"/usr/local/lib/python3.12/dist-packages/traitlets/traitlets.py:2915: FutureWarning: --Exporter.preprocessors=[\"nbconvert.preprocessors.ExtractOutputPreprocessor\"] for containers is deprecated in traitlets 5.0. You can pass `--Exporter.preprocessors item` ... multiple times to add items to a list.\n"}
,{"stream_name":"stderr","time":257.525126331,"data":"  warn(\n"}
,{"stream_name":"stderr","time":257.548972867,"data":"[NbConvertApp] Converting notebook __notebook__.ipynb to html\n"}
,{"stream_name":"stderr","time":258.379736954,"data":"[NbConvertApp] Support files will be in __results___files/\n"}
,{"stream_name":"stderr","time":258.379772806,"data":"[NbConvertApp] Making directory __results___files\n"}
,{"stream_name":"stderr","time":258.380066782,"data":"[NbConvertApp] Making directory __results___files\n"}
,{"stream_name":"stderr","time":258.380271425,"data":"[NbConvertApp] Making directory __results___files\n"}
,{"stream_name":"stderr","time":258.380727977,"data":"[NbConvertApp] Writing 372114 bytes to __results__.html\n"}
]