[{"stream_name":"stderr","time":6.627809598,"data":"0.00s - Debugger warning: It seems that frozen modules are being used, which may\n"}
,{"stream_name":"stderr","time":6.627862131,"data":"0.00s - make the debugger miss breakpoints. Please pass -Xfrozen_modules=off\n"}
,{"stream_name":"stderr","time":6.627868628,"data":"0.00s - to python to disable frozen modules.\n"}
,{"stream_name":"stderr","time":6.627872589,"data":"0.00s - Note: Debugging will proceed. Set PYDEVD_DISABLE_FILE_VALIDATION=1 to disable this validation.\n"}
,{"stream_name":"stderr","time":7.18338484,"data":"0.00s - Debugger warning: It seems that frozen modules are being used, which may\n"}
,{"stream_name":"stderr","time":7.18342146,"data":"0.00s - make the debugger miss breakpoints. Please pass -Xfrozen_modules=off\n"}
,{"stream_name":"stderr","time":7.183427181,"data":"0.00s - to python to disable frozen modules.\n"}
,{"stream_name":"stderr","time":7.18343139,"data":"0.00s - Note: Debugging will proceed. Set PYDEVD_DISABLE_FILE_VALIDATION=1 to disable this validation.\n"}
,{"stream_name":"stdout","time":14.236085825,"data":"PyTorch version: 2.8.0+cu126\n"}
,{"stream_name":"stdout","time":14.236150744,"data":"CUDA available: True\n"}
,{"stream_name":"stdout","time":14.236157893,"data":"Using device: cuda\n"}
,{"stream_name":"stdout","time":15.32077771,"data":"rg95z shape: (10000, 28, 28, 3), labels: (10000,)\n"}
,{"stream_name":"stdout","time":15.32081569,"data":"gr95z shape: (10000, 28, 28, 3), labels: (10000,)\n"}
,{"stream_name":"stdout","time":15.730989719,"data":"gr95e shape: (10000, 28, 28, 3), labels: (10000,)\n"}
,{"stream_name":"stdout","time":15.970599644,"data":"gr95m shape: (10000, 28, 28, 3), labels: (10000,)\n"}
,{"stream_name":"stdout","time":16.19336262,"data":"gr95h shape: (10000, 28, 28, 3), labels: (10000,)\n"}
,{"stream_name":"stdout","time":16.42705982,"data":"gr95vh shape: (10000, 28, 28, 3), labels: (10000,)\n"}
,{"stream_name":"stdout","time":16.427103153,"data":"bw95z shape: (10000, 28, 28, 3), labels: (10000,)\n"}
,{"stream_name":"stdout","time":16.734190589,"data":"bw100z shape: (10000, 28, 28, 3), labels: (10000,)\n"}
,{"stream_name":"stdout","time":16.734244527,"data":"\n"}
,{"stream_name":"stdout","time":16.73437091,"data":"Training data shape: (60000, 28, 28, 3)\n"}
,{"stream_name":"stdout","time":16.734380277,"data":"Training labels shape: (60000,)\n"}
,{"stream_name":"stdout","time":16.734385798,"data":"Number of classes: 10\n"}
,{"stream_name":"stdout","time":17.400772512,"data":"Training set: torch.Size([54000, 3, 28, 28])\n"}
,{"stream_name":"stdout","time":17.400812392,"data":"Validation set: torch.Size([6000, 3, 28, 28])\n"}
,{"stream_name":"stdout","time":17.400818718,"data":"Test set rg95z: torch.Size([10000, 3, 28, 28])\n"}
,{"stream_name":"stdout","time":17.400823723,"data":"Test set gr95z: torch.Size([10000, 3, 28, 28])\n"}
,{"stream_name":"stdout","time":17.400828732,"data":"Test set gr95e: torch.Size([10000, 3, 28, 28])\n"}
,{"stream_name":"stdout","time":17.400833372,"data":"Test set gr95m: torch.Size([10000, 3, 28, 28])\n"}
,{"stream_name":"stdout","time":17.40083846,"data":"Test set gr95h: torch.Size([10000, 3, 28, 28])\n"}
,{"stream_name":"stdout","time":17.400843325,"data":"Test set gr95vh: torch.Size([10000, 3, 28, 28])\n"}
,{"stream_name":"stdout","time":17.400852278,"data":"Test set bw95z: torch.Size([10000, 3, 28, 28])\n"}
,{"stream_name":"stdout","time":17.400857501,"data":"Test set bw100z: torch.Size([10000, 3, 28, 28])\n"}
,{"stream_name":"stdout","time":17.40086223,"data":"Input shape: torch.Size([3, 28, 28])\n"}
,{"stream_name":"stdout","time":17.702592053,"data":"CNN3Layer(\n"}
,{"stream_name":"stdout","time":17.702650441,"data":"  (conv1): Conv2d(3, 32, kernel_size=(3, 3), stride=(1, 1), padding=(1, 1))\n"}
,{"stream_name":"stdout","time":17.702656175,"data":"  (pool1): MaxPool2d(kernel_size=2, stride=2, padding=0, dilation=1, ceil_mode=False)\n"}
,{"stream_name":"stdout","time":17.702658782,"data":"  (conv2): Conv2d(32, 64, kernel_size=(3, 3), stride=(1, 1), padding=(1, 1))\n"}
,{"stream_name":"stdout","time":17.7026611,"data":"  (pool2): MaxPool2d(kernel_size=2, stride=2, padding=0, dilation=1, ceil_mode=False)\n"}
,{"stream_name":"stdout","time":17.702663404,"data":"  (conv3): Conv2d(64, 64, kernel_size=(3, 3), stride=(1, 1), padding=(1, 1))\n"}
,{"stream_name":"stdout","time":17.702665673,"data":"  (pool3): MaxPool2d(kernel_size=2, stride=2, padding=0, dilation=1, ceil_mode=False)\n"}
,{"stream_name":"stdout","time":17.702668479,"data":"  (fc1): Linear(in_features=576, out_features=128, bias=True)\n"}
,{"stream_name":"stdout","time":17.702670841,"data":"  (dropout): Dropout(p=0.0, inplace=False)\n"}
,{"stream_name":"stdout","time":17.702674115,"data":"  (fc2): Linear(in_features=128, out_features=10, bias=True)\n"}
,{"stream_name":"stdout","time":17.702677825,"data":")\n"}
,{"stream_name":"stdout","time":17.702682925,"data":"\n"}
,{"stream_name":"stdout","time":17.702686185,"data":"Total parameters: 131,466\n"}
,{"stream_name":"stdout","time":22.290608646,"data":"Model compiled successfully!\n"}
,{"stream_name":"stdout","time":22.290649877,"data":"Optimizer: Adam\n"}
,{"stream_name":"stdout","time":22.290656553,"data":"Loss function: CrossEntropyLoss\n"}
,{"stream_name":"stdout","time":25.7434177,"data":"Epoch [1/15] - Train Loss: 2.8890, Train Acc: 0.1078 - Val Loss: 2.3037, Val Acc: 0.1090\n"}
,{"stream_name":"stdout","time":28.022029977,"data":"Epoch [2/15] - Train Loss: 2.3039, Train Acc: 0.1072 - Val Loss: 2.3039, Val Acc: 0.1090\n"}
,{"stream_name":"stdout","time":30.293904812,"data":"Epoch [3/15] - Train Loss: 2.3036, Train Acc: 0.1069 - Val Loss: 2.3038, Val Acc: 0.0982\n"}
,{"stream_name":"stdout","time":32.587156075,"data":"Epoch [4/15] - Train Loss: 2.3036, Train Acc: 0.1081 - Val Loss: 2.3052, Val Acc: 0.1090\n"}
,{"stream_name":"stdout","time":34.855098679,"data":"Epoch [5/15] - Train Loss: 2.3035, Train Acc: 0.1081 - Val Loss: 2.3032, Val Acc: 0.1055\n"}
,{"stream_name":"stdout","time":37.131502387,"data":"Epoch [6/15] - Train Loss: 2.3042, Train Acc: 0.1065 - Val Loss: 2.3065, Val Acc: 0.1090\n"}
,{"stream_name":"stdout","time":39.414475588,"data":"Epoch [7/15] - Train Loss: 2.3038, Train Acc: 0.1090 - Val Loss: 2.3041, Val Acc: 0.1055\n"}
,{"stream_name":"stdout","time":41.712495421,"data":"Epoch [8/15] - Train Loss: 2.3037, Train Acc: 0.1061 - Val Loss: 2.3049, Val Acc: 0.0975\n"}
,{"stream_name":"stdout","time":44.02029313,"data":"Epoch [9/15] - Train Loss: 2.3038, Train Acc: 0.1063 - Val Loss: 2.3030, Val Acc: 0.1055\n"}
,{"stream_name":"stdout","time":46.294350249,"data":"Epoch [10/15] - Train Loss: 2.3039, Train Acc: 0.1075 - Val Loss: 2.3049, Val Acc: 0.1055\n"}
,{"stream_name":"stdout","time":48.562112781,"data":"Epoch [11/15] - Train Loss: 2.3037, Train Acc: 0.1059 - Val Loss: 2.3059, Val Acc: 0.0953\n"}
,{"stream_name":"stdout","time":50.837398335,"data":"Epoch [12/15] - Train Loss: 2.3041, Train Acc: 0.1089 - Val Loss: 2.3030, Val Acc: 0.1090\n"}
,{"stream_name":"stdout","time":53.133280439,"data":"Epoch [13/15] - Train Loss: 2.3037, Train Acc: 0.1062 - Val Loss: 2.3033, Val Acc: 0.1090\n"}
,{"stream_name":"stdout","time":55.395890508,"data":"Epoch [14/15] - Train Loss: 2.3036, Train Acc: 0.1091 - Val Loss: 2.3018, Val Acc: 0.1055\n"}
,{"stream_name":"stdout","time":57.454146818,"data":"Epoch [15/15] - Train Loss: 2.3039, Train Acc: 0.1084 - Val Loss: 2.3063, Val Acc: 0.1090\n"}
,{"stream_name":"stdout","time":57.454220535,"data":"\n"}
,{"stream_name":"stdout","time":57.454228989,"data":"Training completed!\n"}
,{"stream_name":"stdout","time":57.484803402,"data":"\n"}
,{"stream_name":"stdout","time":57.484831736,"data":"Model state dict saved to: task1app1v6_model.pth\n"}
,{"stream_name":"stdout","time":57.48483697,"data":"Full model saved to: task1app1v6_full_model.pth\n"}
,{"stream_name":"stdout","time":57.484841045,"data":"Training history saved to: task1app1v6_training_history.npz\n"}
,{"stream_name":"stdout","time":57.484845284,"data":"Model metadata saved to: task1app1v6_metamodel.txt\n"}
,{"stream_name":"stdout","time":58.368182,"data":"\n"}
,{"stream_name":"stdout","time":58.368224075,"data":"rg95z Results:\n"}
,{"stream_name":"stdout","time":58.368230133,"data":"  Loss: 2.3048\n"}
,{"stream_name":"stdout","time":58.368234475,"data":"  Accuracy: 0.1135 (11.35%)\n"}
,{"stream_name":"stdout","time":58.593088233,"data":"\n"}
,{"stream_name":"stdout","time":58.593133632,"data":"gr95z Results:\n"}
,{"stream_name":"stdout","time":58.593139232,"data":"  Loss: 2.3048\n"}
,{"stream_name":"stdout","time":58.59314281,"data":"  Accuracy: 0.1135 (11.35%)\n"}
,{"stream_name":"stdout","time":58.815908262,"data":"\n"}
,{"stream_name":"stdout","time":58.815950879,"data":"gr95e Results:\n"}
,{"stream_name":"stdout","time":58.815955552,"data":"  Loss: 2.3048\n"}
,{"stream_name":"stdout","time":58.815958149,"data":"  Accuracy: 0.1135 (11.35%)\n"}
,{"stream_name":"stdout","time":59.040279923,"data":"\n"}
,{"stream_name":"stdout","time":59.040337445,"data":"gr95m Results:\n"}
,{"stream_name":"stdout","time":59.040345542,"data":"  Loss: 2.3048\n"}
,{"stream_name":"stdout","time":59.040350185,"data":"  Accuracy: 0.1135 (11.35%)\n"}
,{"stream_name":"stdout","time":59.263514296,"data":"\n"}
,{"stream_name":"stdout","time":59.263553905,"data":"gr95h Results:\n"}
,{"stream_name":"stdout","time":59.263557603,"data":"  Loss: 2.3048\n"}
,{"stream_name":"stdout","time":59.263560246,"data":"  Accuracy: 0.1135 (11.35%)\n"}
,{"stream_name":"stdout","time":59.48991031,"data":"\n"}
,{"stream_name":"stdout","time":59.48994908,"data":"gr95vh Results:\n"}
,{"stream_name":"stdout","time":59.489954085,"data":"  Loss: 2.3048\n"}
,{"stream_name":"stdout","time":59.489957663,"data":"  Accuracy: 0.1135 (11.35%)\n"}
,{"stream_name":"stdout","time":59.716029066,"data":"\n"}
,{"stream_name":"stdout","time":59.716080244,"data":"bw95z Results:\n"}
,{"stream_name":"stdout","time":59.716086614,"data":"  Loss: 2.3048\n"}
,{"stream_name":"stdout","time":59.716091246,"data":"  Accuracy: 0.1135 (11.35%)\n"}
,{"stream_name":"stdout","time":59.942827166,"data":"\n"}
,{"stream_name":"stdout","time":59.942863361,"data":"bw100z Results:\n"}
,{"stream_name":"stdout","time":59.942868969,"data":"  Loss: 2.3048\n"}
,{"stream_name":"stdout","time":59.942873112,"data":"  Accuracy: 0.1135 (11.35%)\n"}
,{"stream_name":"stdout","time":67.842666663,"data":"\n"}
,{"stream_name":"stdout","time":67.84272121,"data":"==================================================\n"}
,{"stream_name":"stdout","time":67.842728364,"data":"EVALUATION SUMMARY\n"}
,{"stream_name":"stdout","time":67.842733146,"data":"==================================================\n"}
,{"stream_name":"stdout","time":67.842737638,"data":"rg95z          :  11.35%\n"}
,{"stream_name":"stdout","time":67.842742051,"data":"gr95z          :  11.35%\n"}
,{"stream_name":"stdout","time":67.842759811,"data":"gr95e          :  11.35%\n"}
,{"stream_name":"stdout","time":67.842763962,"data":"gr95m          :  11.35%\n"}
,{"stream_name":"stdout","time":67.842767201,"data":"gr95h          :  11.35%\n"}
,{"stream_name":"stdout","time":67.842770909,"data":"gr95vh         :  11.35%\n"}
,{"stream_name":"stdout","time":67.842774228,"data":"bw95z          :  11.35%\n"}
,{"stream_name":"stdout","time":67.842777657,"data":"bw100z         :  11.35%\n"}
,{"stream_name":"stdout","time":67.8427813,"data":"==================================================\n"}
,{"stream_name":"stderr","time":72.829339007,"data":"/usr/local/lib/python3.12/dist-packages/mistune.py:435: SyntaxWarning: invalid escape sequence '\\|'\n"}
,{"stream_name":"stderr","time":72.829377136,"data":"  cells[i][c] = re.sub('\\\\\\\\\\|', '|', cell)\n"}
,{"stream_name":"stderr","time":72.975975342,"data":"/usr/local/lib/python3.12/dist-packages/nbconvert/filters/filter_links.py:36: SyntaxWarning: invalid escape sequence '\\_'\n"}
,{"stream_name":"stderr","time":72.976006462,"data":"  text = re.sub(r'_', '\\_', text) # Escape underscores in display text\n"}
,{"stream_name":"stderr","time":73.580642774,"data":"/usr/local/lib/python3.12/dist-packages/traitlets/traitlets.py:2915: FutureWarning: --Exporter.preprocessors=[\"remove_papermill_header.RemovePapermillHeader\"] for containers is deprecated in traitlets 5.0. You can pass `--Exporter.preprocessors item` ... multiple times to add items to a list.\n"}
,{"stream_name":"stderr","time":73.580685982,"data":"  warn(\n"}
,{"stream_name":"stderr","time":73.608056499,"data":"[NbConvertApp] Converting notebook __notebook__.ipynb to notebook\n"}
,{"stream_name":"stderr","time":73.90093327,"data":"[NbConvertApp] Writing 352921 bytes to __notebook__.ipynb\n"}
,{"stream_name":"stderr","time":76.213043109,"data":"/usr/local/lib/python3.12/dist-packages/traitlets/traitlets.py:2915: FutureWarning: --Exporter.preprocessors=[\"nbconvert.preprocessors.ExtractOutputPreprocessor\"] for containers is deprecated in traitlets 5.0. You can pass `--Exporter.preprocessors item` ... multiple times to add items to a list.\n"}
,{"stream_name":"stderr","time":76.21308803,"data":"  warn(\n"}
,{"stream_name":"stderr","time":76.24035495,"data":"[NbConvertApp] Converting notebook __notebook__.ipynb to html\n"}
,{"stream_name":"stderr","time":77.070884182,"data":"[NbConvertApp] Support files will be in __results___files/\n"}
,{"stream_name":"stderr","time":77.070913913,"data":"[NbConvertApp] Making directory __results___files\n"}
,{"stream_name":"stderr","time":77.071034079,"data":"[NbConvertApp] Making directory __results___files\n"}
,{"stream_name":"stderr","time":77.071277396,"data":"[NbConvertApp] Making directory __results___files\n"}
,{"stream_name":"stderr","time":77.071621897,"data":"[NbConvertApp] Writing 368840 bytes to __results__.html\n"}
]