[{"stream_name":"stderr","time":9.09423509,"data":"0.00s - Debugger warning: It seems that frozen modules are being used, which may\n"}
,{"stream_name":"stderr","time":9.094298765,"data":"0.00s - make the debugger miss breakpoints. Please pass -Xfrozen_modules=off\n"}
,{"stream_name":"stderr","time":9.09430594,"data":"0.00s - to python to disable frozen modules.\n"}
,{"stream_name":"stderr","time":9.094310068,"data":"0.00s - Note: Debugging will proceed. Set PYDEVD_DISABLE_FILE_VALIDATION=1 to disable this validation.\n"}
,{"stream_name":"stderr","time":9.70669884,"data":"0.00s - Debugger warning: It seems that frozen modules are being used, which may\n"}
,{"stream_name":"stderr","time":9.706757962,"data":"0.00s - make the debugger miss breakpoints. Please pass -Xfrozen_modules=off\n"}
,{"stream_name":"stderr","time":9.706765863,"data":"0.00s - to python to disable frozen modules.\n"}
,{"stream_name":"stderr","time":9.706770016,"data":"0.00s - Note: Debugging will proceed. Set PYDEVD_DISABLE_FILE_VALIDATION=1 to disable this validation.\n"}
,{"stream_name":"stdout","time":17.93710514,"data":"PyTorch version: 2.8.0+cu126\n"}
,{"stream_name":"stdout","time":17.937185329,"data":"CUDA available: True\n"}
,{"stream_name":"stdout","time":17.937192912,"data":"Using device: cuda\n"}
,{"stream_name":"stdout","time":19.487004969,"data":"rg95z shape: (10000, 28, 28, 3), labels: (10000,)\n"}
,{"stream_name":"stdout","time":19.48704831,"data":"gr95z shape: (10000, 28, 28, 3), labels: (10000,)\n"}
,{"stream_name":"stdout","time":19.843204822,"data":"gr95e shape: (10000, 28, 28, 3), labels: (10000,)\n"}
,{"stream_name":"stdout","time":19.843251115,"data":"gr95m shape: (10000, 28, 28, 3), labels: (10000,)\n"}
,{"stream_name":"stdout","time":20.217035559,"data":"gr95h shape: (10000, 28, 28, 3), labels: (10000,)\n"}
,{"stream_name":"stdout","time":20.437557054,"data":"gr95vh shape: (10000, 28, 28, 3), labels: (10000,)\n"}
,{"stream_name":"stdout","time":20.43759606,"data":"bw95z shape: (10000, 28, 28, 3), labels: (10000,)\n"}
,{"stream_name":"stdout","time":20.743581791,"data":"bw100z shape: (10000, 28, 28, 3), labels: (10000,)\n"}
,{"stream_name":"stdout","time":20.743630311,"data":"\n"}
,{"stream_name":"stdout","time":20.743638887,"data":"Training data shape: (60000, 28, 28, 3)\n"}
,{"stream_name":"stdout","time":20.743645026,"data":"Training labels shape: (60000,)\n"}
,{"stream_name":"stdout","time":20.743650037,"data":"Number of classes: 10\n"}
,{"stream_name":"stdout","time":21.440240191,"data":"Training set: torch.Size([54000, 3, 28, 28])\n"}
,{"stream_name":"stdout","time":21.440271913,"data":"Validation set: torch.Size([6000, 3, 28, 28])\n"}
,{"stream_name":"stdout","time":21.440276801,"data":"Test set rg95z: torch.Size([10000, 3, 28, 28])\n"}
,{"stream_name":"stdout","time":21.440281196,"data":"Test set gr95z: torch.Size([10000, 3, 28, 28])\n"}
,{"stream_name":"stdout","time":21.440299577,"data":"Test set gr95e: torch.Size([10000, 3, 28, 28])\n"}
,{"stream_name":"stdout","time":21.440304068,"data":"Test set gr95m: torch.Size([10000, 3, 28, 28])\n"}
,{"stream_name":"stdout","time":21.440308356,"data":"Test set gr95h: torch.Size([10000, 3, 28, 28])\n"}
,{"stream_name":"stdout","time":21.440312615,"data":"Test set gr95vh: torch.Size([10000, 3, 28, 28])\n"}
,{"stream_name":"stdout","time":21.44031682,"data":"Test set bw95z: torch.Size([10000, 3, 28, 28])\n"}
,{"stream_name":"stdout","time":21.440320989,"data":"Test set bw100z: torch.Size([10000, 3, 28, 28])\n"}
,{"stream_name":"stdout","time":21.440325081,"data":"Input shape: torch.Size([3, 28, 28])\n"}
,{"stream_name":"stdout","time":21.806337101,"data":"CNN3Layer(\n"}
,{"stream_name":"stdout","time":21.806392981,"data":"  (conv1): Conv2d(3, 32, kernel_size=(3, 3), stride=(1, 1), padding=(1, 1))\n"}
,{"stream_name":"stdout","time":21.806399538,"data":"  (pool1): MaxPool2d(kernel_size=2, stride=2, padding=0, dilation=1, ceil_mode=False)\n"}
,{"stream_name":"stdout","time":21.806404299,"data":"  (conv2): Conv2d(32, 64, kernel_size=(3, 3), stride=(1, 1), padding=(1, 1))\n"}
,{"stream_name":"stdout","time":21.806408215,"data":"  (pool2): MaxPool2d(kernel_size=2, stride=2, padding=0, dilation=1, ceil_mode=False)\n"}
,{"stream_name":"stdout","time":21.806411817,"data":"  (conv3): Conv2d(64, 64, kernel_size=(3, 3), stride=(1, 1), padding=(1, 1))\n"}
,{"stream_name":"stdout","time":21.806415386,"data":"  (pool3): MaxPool2d(kernel_size=2, stride=2, padding=0, dilation=1, ceil_mode=False)\n"}
,{"stream_name":"stdout","time":21.80641936,"data":"  (fc1): Linear(in_features=576, out_features=128, bias=True)\n"}
,{"stream_name":"stdout","time":21.806423745,"data":"  (dropout): Dropout(p=0.01, inplace=False)\n"}
,{"stream_name":"stdout","time":21.806427517,"data":"  (fc2): Linear(in_features=128, out_features=10, bias=True)\n"}
,{"stream_name":"stdout","time":21.806432014,"data":")\n"}
,{"stream_name":"stdout","time":21.80643532,"data":"\n"}
,{"stream_name":"stdout","time":21.806438738,"data":"Total parameters: 131,466\n"}
,{"stream_name":"stdout","time":26.65028357,"data":"Model compiled successfully!\n"}
,{"stream_name":"stdout","time":26.650330225,"data":"Optimizer: Adam\n"}
,{"stream_name":"stdout","time":26.650338754,"data":"Loss function: CrossEntropyLoss\n"}
,{"stream_name":"stdout","time":30.363219017,"data":"Epoch [1/10] - Train Loss: 0.1690, Train Acc: 0.9485 - Val Loss: 0.0405, Val Acc: 0.9887\n"}
,{"stream_name":"stdout","time":32.657543003,"data":"Epoch [2/10] - Train Loss: 0.0383, Train Acc: 0.9886 - Val Loss: 0.0307, Val Acc: 0.9897\n"}
,{"stream_name":"stdout","time":34.932684508,"data":"Epoch [3/10] - Train Loss: 0.0426, Train Acc: 0.9891 - Val Loss: 0.0351, Val Acc: 0.9900\n"}
,{"stream_name":"stdout","time":37.210907913,"data":"Epoch [4/10] - Train Loss: 0.0331, Train Acc: 0.9909 - Val Loss: 0.0575, Val Acc: 0.9865\n"}
,{"stream_name":"stdout","time":39.486189958,"data":"Epoch [5/10] - Train Loss: 0.0289, Train Acc: 0.9922 - Val Loss: 0.0726, Val Acc: 0.9872\n"}
,{"stream_name":"stdout","time":41.777479336,"data":"Epoch [6/10] - Train Loss: 0.0233, Train Acc: 0.9937 - Val Loss: 0.0340, Val Acc: 0.9922\n"}
,{"stream_name":"stdout","time":44.047848908,"data":"Epoch [7/10] - Train Loss: 0.0342, Train Acc: 0.9919 - Val Loss: 0.0406, Val Acc: 0.9908\n"}
,{"stream_name":"stdout","time":46.338156451,"data":"Epoch [8/10] - Train Loss: 0.0247, Train Acc: 0.9941 - Val Loss: 0.0355, Val Acc: 0.9913\n"}
,{"stream_name":"stdout","time":48.612352021,"data":"Epoch [9/10] - Train Loss: 0.0294, Train Acc: 0.9930 - Val Loss: 0.0547, Val Acc: 0.9913\n"}
,{"stream_name":"stdout","time":50.690997974,"data":"Epoch [10/10] - Train Loss: 0.0283, Train Acc: 0.9937 - Val Loss: 0.0595, Val Acc: 0.9900\n"}
,{"stream_name":"stdout","time":50.691046312,"data":"\n"}
,{"stream_name":"stdout","time":50.691053362,"data":"Training completed!\n"}
,{"stream_name":"stdout","time":50.719333146,"data":"\n"}
,{"stream_name":"stdout","time":50.719363954,"data":"Model state dict saved to: task1app1v2_model.pth\n"}
,{"stream_name":"stdout","time":50.719372147,"data":"Full model saved to: task1app1v2_full_model.pth\n"}
,{"stream_name":"stdout","time":50.719377279,"data":"Training history saved to: task1app1v2_training_history.npz\n"}
,{"stream_name":"stdout","time":50.719382628,"data":"Model metadata saved to: task1app1v2_metamodel.txt\n"}
,{"stream_name":"stdout","time":51.655645519,"data":"\n"}
,{"stream_name":"stdout","time":51.655685521,"data":"rg95z Results:\n"}
,{"stream_name":"stdout","time":51.655689659,"data":"  Loss: 0.0458\n"}
,{"stream_name":"stdout","time":51.655692359,"data":"  Accuracy: 0.9901 (99.01%)\n"}
,{"stream_name":"stdout","time":51.883988884,"data":"\n"}
,{"stream_name":"stdout","time":51.8840318,"data":"gr95z Results:\n"}
,{"stream_name":"stdout","time":51.884039884,"data":"  Loss: 1.8945\n"}
,{"stream_name":"stdout","time":51.884045279,"data":"  Accuracy: 0.7369 (73.69%)\n"}
,{"stream_name":"stdout","time":52.111012315,"data":"\n"}
,{"stream_name":"stdout","time":52.111056203,"data":"gr95e Results:\n"}
,{"stream_name":"stdout","time":52.111063722,"data":"  Loss: 3.0621\n"}
,{"stream_name":"stdout","time":52.111069455,"data":"  Accuracy: 0.4240 (42.40%)\n"}
,{"stream_name":"stdout","time":52.341003453,"data":"\n"}
,{"stream_name":"stdout","time":52.341041969,"data":"gr95m Results:\n"}
,{"stream_name":"stdout","time":52.341049684,"data":"  Loss: 3.1046\n"}
,{"stream_name":"stdout","time":52.341055166,"data":"  Accuracy: 0.3710 (37.10%)\n"}
,{"stream_name":"stdout","time":52.565928868,"data":"\n"}
,{"stream_name":"stdout","time":52.565974388,"data":"gr95h Results:\n"}
,{"stream_name":"stdout","time":52.565981871,"data":"  Loss: 3.2844\n"}
,{"stream_name":"stdout","time":52.565987145,"data":"  Accuracy: 0.3177 (31.77%)\n"}
,{"stream_name":"stdout","time":52.791385372,"data":"\n"}
,{"stream_name":"stdout","time":52.791431615,"data":"gr95vh Results:\n"}
,{"stream_name":"stdout","time":52.791440791,"data":"  Loss: 3.3325\n"}
,{"stream_name":"stdout","time":52.791446628,"data":"  Accuracy: 0.2785 (27.85%)\n"}
,{"stream_name":"stdout","time":53.014369456,"data":"\n"}
,{"stream_name":"stdout","time":53.014408345,"data":"bw95z Results:\n"}
,{"stream_name":"stdout","time":53.014415928,"data":"  Loss: 0.2873\n"}
,{"stream_name":"stdout","time":53.014421997,"data":"  Accuracy: 0.9386 (93.86%)\n"}
,{"stream_name":"stdout","time":53.244679629,"data":"\n"}
,{"stream_name":"stdout","time":53.244738537,"data":"bw100z Results:\n"}
,{"stream_name":"stdout","time":53.244747635,"data":"  Loss: 0.2903\n"}
,{"stream_name":"stdout","time":53.244753015,"data":"  Accuracy: 0.9389 (93.89%)\n"}
,{"stream_name":"stdout","time":61.474319999,"data":"\n"}
,{"stream_name":"stdout","time":61.474363035,"data":"==================================================\n"}
,{"stream_name":"stdout","time":61.47437029,"data":"EVALUATION SUMMARY\n"}
,{"stream_name":"stdout","time":61.474375969,"data":"==================================================\n"}
,{"stream_name":"stdout","time":61.474380941,"data":"rg95z          :  99.01%\n"}
,{"stream_name":"stdout","time":61.474385763,"data":"gr95z          :  73.69%\n"}
,{"stream_name":"stdout","time":61.474390997,"data":"gr95e          :  42.40%\n"}
,{"stream_name":"stdout","time":61.474395513,"data":"gr95m          :  37.10%\n"}
,{"stream_name":"stdout","time":61.474400221,"data":"gr95h          :  31.77%\n"}
,{"stream_name":"stdout","time":61.474405044,"data":"gr95vh         :  27.85%\n"}
,{"stream_name":"stdout","time":61.474410313999996,"data":"bw95z          :  93.86%\n"}
,{"stream_name":"stdout","time":61.474415223,"data":"bw100z         :  93.89%\n"}
,{"stream_name":"stdout","time":61.47442028,"data":"==================================================\n"}
,{"stream_name":"stderr","time":66.381995269,"data":"/usr/local/lib/python3.12/dist-packages/mistune.py:435: SyntaxWarning: invalid escape sequence '\\|'\n"}
,{"stream_name":"stderr","time":66.382047862,"data":"  cells[i][c] = re.sub('\\\\\\\\\\|', '|', cell)\n"}
,{"stream_name":"stderr","time":66.534511314,"data":"/usr/local/lib/python3.12/dist-packages/nbconvert/filters/filter_links.py:36: SyntaxWarning: invalid escape sequence '\\_'\n"}
,{"stream_name":"stderr","time":66.534547532,"data":"  text = re.sub(r'_', '\\_', text) # Escape underscores in display text\n"}
,{"stream_name":"stderr","time":67.172638513,"data":"/usr/local/lib/python3.12/dist-packages/traitlets/traitlets.py:2915: FutureWarning: --Exporter.preprocessors=[\"remove_papermill_header.RemovePapermillHeader\"] for containers is deprecated in traitlets 5.0. You can pass `--Exporter.preprocessors item` ... multiple times to add items to a list.\n"}
,{"stream_name":"stderr","time":67.172683334,"data":"  warn(\n"}
,{"stream_name":"stderr","time":67.203058636,"data":"[NbConvertApp] Converting notebook __notebook__.ipynb to notebook\n"}
,{"stream_name":"stderr","time":67.502441968,"data":"[NbConvertApp] Writing 584300 bytes to __notebook__.ipynb\n"}
,{"stream_name":"stderr","time":69.825748897,"data":"/usr/local/lib/python3.12/dist-packages/traitlets/traitlets.py:2915: FutureWarning: --Exporter.preprocessors=[\"nbconvert.preprocessors.ExtractOutputPreprocessor\"] for containers is deprecated in traitlets 5.0. You can pass `--Exporter.preprocessors item` ... multiple times to add items to a list.\n"}
,{"stream_name":"stderr","time":69.825793437,"data":"  warn(\n"}
,{"stream_name":"stderr","time":69.849599051,"data":"[NbConvertApp] Converting notebook __notebook__.ipynb to html\n"}
,{"stream_name":"stderr","time":70.71880387,"data":"[NbConvertApp] Support files will be in __results___files/\n"}
,{"stream_name":"stderr","time":70.718847678,"data":"[NbConvertApp] Making directory __results___files\n"}
,{"stream_name":"stderr","time":70.719112543,"data":"[NbConvertApp] Making directory __results___files\n"}
,{"stream_name":"stderr","time":70.719345011,"data":"[NbConvertApp] Making directory __results___files\n"}
,{"stream_name":"stderr","time":70.71975177,"data":"[NbConvertApp] Writing 368440 bytes to __results__.html\n"}
]